<?xml version="1.0" encoding="UTF-8"?>
<!-- Generated by org.testng.reporters.JUnitXMLReporter -->
<testsuite ignored="0" hostname="DESKTOP-LOD748U" failures="0" tests="5" name="Orange HRM PIM Page TC in Edge" time="20.438" errors="0" timestamp="2023-12-27T13:51:08 IST">
  <testcase classname="ParallelTesting.RunEndToEndRegressionSuitParallely" name="loginFunctionality" time="0.637"/>
  <testcase classname="ParallelTesting.RunEndToEndRegressionSuitParallely" name="validateHomePageTitle" time="1.151"/>
  <testcase classname="ParallelTesting.RunEndToEndRegressionSuitParallely" name="validateHomePageUrl" time="0.013"/>
  <testcase classname="ParallelTesting.RunEndToEndRegressionSuitParallely" name="validateUserOnPIMPage" time="1.471"/>
  <testcase classname="ParallelTesting.RunEndToEndRegressionSuitParallely" name="createNewUser" time="3.237"/>
</testsuite> <!-- Orange HRM PIM Page TC in Edge -->
