<?xml version="1.0" encoding="UTF-8"?>
<!-- Generated by org.testng.reporters.JUnitXMLReporter -->
<testsuite ignored="0" hostname="DESKTOP-LOD748U" failures="0" tests="5" name="Orange HRM PIM Page TC in Chrome" time="20.691" errors="0" timestamp="2023-12-27T13:50:47 IST">
  <testcase classname="ParallelTesting.RunEndToEndRegressionSuitParallely" name="loginFunctionality" time="0.772"/>
  <testcase classname="ParallelTesting.RunEndToEndRegressionSuitParallely" name="validateHomePageTitle" time="1.184"/>
  <testcase classname="ParallelTesting.RunEndToEndRegressionSuitParallely" name="validateHomePageUrl" time="0.018"/>
  <testcase classname="ParallelTesting.RunEndToEndRegressionSuitParallely" name="validateUserOnPIMPage" time="1.669"/>
  <testcase classname="ParallelTesting.RunEndToEndRegressionSuitParallely" name="createNewUser" time="2.802"/>
</testsuite> <!-- Orange HRM PIM Page TC in Chrome -->
