<?xml version="1.0" encoding="UTF-8"?>
<!-- Generated by org.testng.reporters.JUnitXMLReporter -->
<testsuite ignored="0" hostname="DESKTOP-LOD748U" failures="0" tests="10" name="Test" time="50.157" errors="0" timestamp="2023-12-27T13:37:08 IST">
  <testcase classname="ParallelTesting.RunClassesParallely2" name="loginFunctionality" time="25.473"/>
  <testcase classname="ParallelTesting.RunClassesParallely2" name="validateHomePageTitle" time="0.013"/>
  <testcase classname="ParallelTesting.RunClassesParallely2" name="validateHomePageUrl" time="0.008"/>
  <testcase classname="ParallelTesting.RunClassesParallely2" name="validateUserOnPIMPage" time="2.132"/>
  <testcase classname="ParallelTesting.RunClassesParallely2" name="createNewUser" time="2.556"/>
  <testcase classname="ParallelTesting.RunClassesParallely1" name="loginFunctionality" time="3.264"/>
  <testcase classname="ParallelTesting.RunClassesParallely1" name="validateHomePageTitle" time="1.141"/>
  <testcase classname="ParallelTesting.RunClassesParallely1" name="validateHomePageUrl" time="0.005"/>
  <testcase classname="ParallelTesting.RunClassesParallely1" name="validateUserOnPIMPage" time="1.464"/>
  <testcase classname="ParallelTesting.RunClassesParallely1" name="createNewUser" time="2.619"/>
</testsuite> <!-- Test -->
