<?xml version="1.0" encoding="UTF-8"?>
<testng-results ignored="0" total="10" passed="10" failed="0" skipped="0">
  <reporter-output>
  </reporter-output>
  <suite started-at="2023-12-27T13:50:27 IST" name="Suite" finished-at="2023-12-27T13:51:08 IST" duration-ms="41161">
    <groups>
    </groups>
    <test started-at="2023-12-27T13:50:27 IST" name="Orange HRM PIM Page TC in Chrome" finished-at="2023-12-27T13:50:47 IST" duration-ms="20691">
      <class name="ParallelTesting.RunEndToEndRegressionSuitParallely">
        <test-method is-config="true" signature="setUp(java.lang.String)[pri:0, instance:ParallelTesting.RunEndToEndRegressionSuitParallely@229c6181]" started-at="2023-12-27T13:50:27 IST" name="setUp" finished-at="2023-12-27T13:50:36 IST" duration-ms="9056" status="PASS">
          <params>
            <param index="0">
              <value>
                <![CDATA[chrome]]>
              </value>
            </param>
          </params>
          <reporter-output>
          </reporter-output>
        </test-method> <!-- setUp -->
        <test-method signature="loginFunctionality()[pri:1, instance:ParallelTesting.RunEndToEndRegressionSuitParallely@229c6181]" started-at="2023-12-27T13:50:36 IST" name="loginFunctionality" finished-at="2023-12-27T13:50:37 IST" duration-ms="772" status="PASS">
          <reporter-output>
          </reporter-output>
        </test-method> <!-- loginFunctionality -->
        <test-method signature="validateHomePageTitle()[pri:2, instance:ParallelTesting.RunEndToEndRegressionSuitParallely@229c6181]" started-at="2023-12-27T13:50:37 IST" name="validateHomePageTitle" finished-at="2023-12-27T13:50:38 IST" duration-ms="1184" status="PASS">
          <reporter-output>
          </reporter-output>
        </test-method> <!-- validateHomePageTitle -->
        <test-method signature="validateHomePageUrl()[pri:3, instance:ParallelTesting.RunEndToEndRegressionSuitParallely@229c6181]" started-at="2023-12-27T13:50:38 IST" name="validateHomePageUrl" finished-at="2023-12-27T13:50:38 IST" duration-ms="18" status="PASS">
          <reporter-output>
          </reporter-output>
        </test-method> <!-- validateHomePageUrl -->
        <test-method signature="validateUserOnPIMPage()[pri:4, instance:ParallelTesting.RunEndToEndRegressionSuitParallely@229c6181]" started-at="2023-12-27T13:50:38 IST" name="validateUserOnPIMPage" finished-at="2023-12-27T13:50:39 IST" duration-ms="1669" status="PASS">
          <reporter-output>
          </reporter-output>
        </test-method> <!-- validateUserOnPIMPage -->
        <test-method signature="createNewUser()[pri:5, instance:ParallelTesting.RunEndToEndRegressionSuitParallely@229c6181]" started-at="2023-12-27T13:50:39 IST" name="createNewUser" finished-at="2023-12-27T13:50:42 IST" duration-ms="2802" status="PASS">
          <reporter-output>
          </reporter-output>
        </test-method> <!-- createNewUser -->
        <test-method is-config="true" signature="tearDown()[pri:0, instance:ParallelTesting.RunEndToEndRegressionSuitParallely@229c6181]" started-at="2023-12-27T13:50:42 IST" name="tearDown" finished-at="2023-12-27T13:50:47 IST" duration-ms="5150" status="PASS">
          <reporter-output>
          </reporter-output>
        </test-method> <!-- tearDown -->
      </class> <!-- ParallelTesting.RunEndToEndRegressionSuitParallely -->
    </test> <!-- Orange HRM PIM Page TC in Chrome -->
    <test started-at="2023-12-27T13:50:47 IST" name="Orange HRM PIM Page TC in Edge" finished-at="2023-12-27T13:51:08 IST" duration-ms="20438">
      <class name="ParallelTesting.RunEndToEndRegressionSuitParallely">
        <test-method is-config="true" signature="setUp(java.lang.String)[pri:0, instance:ParallelTesting.RunEndToEndRegressionSuitParallely@3e27ba32]" started-at="2023-12-27T13:50:47 IST" name="setUp" finished-at="2023-12-27T13:50:56 IST" duration-ms="8735" status="PASS">
          <params>
            <param index="0">
              <value>
                <![CDATA[edge]]>
              </value>
            </param>
          </params>
          <reporter-output>
          </reporter-output>
        </test-method> <!-- setUp -->
        <test-method signature="loginFunctionality()[pri:1, instance:ParallelTesting.RunEndToEndRegressionSuitParallely@3e27ba32]" started-at="2023-12-27T13:50:56 IST" name="loginFunctionality" finished-at="2023-12-27T13:50:57 IST" duration-ms="637" status="PASS">
          <reporter-output>
          </reporter-output>
        </test-method> <!-- loginFunctionality -->
        <test-method signature="validateHomePageTitle()[pri:2, instance:ParallelTesting.RunEndToEndRegressionSuitParallely@3e27ba32]" started-at="2023-12-27T13:50:57 IST" name="validateHomePageTitle" finished-at="2023-12-27T13:50:58 IST" duration-ms="1151" status="PASS">
          <reporter-output>
          </reporter-output>
        </test-method> <!-- validateHomePageTitle -->
        <test-method signature="validateHomePageUrl()[pri:3, instance:ParallelTesting.RunEndToEndRegressionSuitParallely@3e27ba32]" started-at="2023-12-27T13:50:58 IST" name="validateHomePageUrl" finished-at="2023-12-27T13:50:58 IST" duration-ms="13" status="PASS">
          <reporter-output>
          </reporter-output>
        </test-method> <!-- validateHomePageUrl -->
        <test-method signature="validateUserOnPIMPage()[pri:4, instance:ParallelTesting.RunEndToEndRegressionSuitParallely@3e27ba32]" started-at="2023-12-27T13:50:58 IST" name="validateUserOnPIMPage" finished-at="2023-12-27T13:50:59 IST" duration-ms="1471" status="PASS">
          <reporter-output>
          </reporter-output>
        </test-method> <!-- validateUserOnPIMPage -->
        <test-method signature="createNewUser()[pri:5, instance:ParallelTesting.RunEndToEndRegressionSuitParallely@3e27ba32]" started-at="2023-12-27T13:50:59 IST" name="createNewUser" finished-at="2023-12-27T13:51:03 IST" duration-ms="3237" status="PASS">
          <reporter-output>
          </reporter-output>
        </test-method> <!-- createNewUser -->
        <test-method is-config="true" signature="tearDown()[pri:0, instance:ParallelTesting.RunEndToEndRegressionSuitParallely@3e27ba32]" started-at="2023-12-27T13:51:03 IST" name="tearDown" finished-at="2023-12-27T13:51:08 IST" duration-ms="5188" status="PASS">
          <reporter-output>
          </reporter-output>
        </test-method> <!-- tearDown -->
      </class> <!-- ParallelTesting.RunEndToEndRegressionSuitParallely -->
    </test> <!-- Orange HRM PIM Page TC in Edge -->
  </suite> <!-- Suite -->
</testng-results>
